2022-06-02 15:39:07,853 [Worker-7: Loading available Gradle versions] INFO  o.e.b.c.i.u.g.PublishedGradleVersions - Gradle version information cache is up-to-date. Trying to read.
2022-06-02 15:44:00,423 [Worker-2: Building] INFO  o.e.m.c.i.l.LifecycleMappingFactory - Using org.eclipse.m2e.jdt.JarLifecycleMapping lifecycle mapping for MavenProject: co.edu.uco.crosscutting:CrossCutting:0.0.1-SNAPSHOT @ C:\Users\jerof\OneDrive\Documentos\Proyecto clase carlos\GestionAcademica-master\CrossCutting\pom.xml.
2022-06-02 15:44:00,661 [Worker-2: Building] WARN  o.e.m.c.i.embedder.EclipseLogger - Using platform encoding (Cp1252 actually) to copy filtered resources, i.e. build is platform dependent!
2022-06-02 15:44:00,662 [Worker-2: Building] INFO  o.e.m.c.i.embedder.EclipseLogger - skip non existing resourceDirectory C:\Users\jerof\OneDrive\Documentos\Proyecto clase carlos\GestionAcademica-master\CrossCutting\src\main\resources
2022-06-02 15:44:00,664 [Worker-2: Building] WARN  o.e.m.c.i.embedder.EclipseLogger - Using platform encoding (Cp1252 actually) to copy filtered resources, i.e. build is platform dependent!
2022-06-02 15:44:00,665 [Worker-2: Building] INFO  o.e.m.c.i.embedder.EclipseLogger - skip non existing resourceDirectory C:\Users\jerof\OneDrive\Documentos\Proyecto clase carlos\GestionAcademica-master\CrossCutting\src\test\resources
2022-06-02 15:44:01,317 [Worker-18: Updating Maven Dependencies] INFO  o.e.m.c.i.l.LifecycleMappingFactory - Using org.eclipse.m2e.jdt.JarLifecycleMapping lifecycle mapping for MavenProject: co.edu.uco.crosscutting:CrossCutting:0.0.1-SNAPSHOT @ C:\Users\jerof\OneDrive\Documentos\Proyecto clase carlos\GestionAcademica-master\CrossCutting\pom.xml.
2022-06-02 15:44:01,828 [Worker-19: Building] WARN  o.e.m.c.i.embedder.EclipseLogger - Using platform encoding (Cp1252 actually) to copy filtered resources, i.e. build is platform dependent!
2022-06-02 15:44:01,829 [Worker-19: Building] INFO  o.e.m.c.i.embedder.EclipseLogger - skip non existing resourceDirectory C:\Users\jerof\OneDrive\Documentos\Proyecto clase carlos\GestionAcademica-master\CrossCutting\src\main\resources
2022-06-02 15:44:01,831 [Worker-19: Building] WARN  o.e.m.c.i.embedder.EclipseLogger - Using platform encoding (Cp1252 actually) to copy filtered resources, i.e. build is platform dependent!
2022-06-02 15:44:01,832 [Worker-19: Building] INFO  o.e.m.c.i.embedder.EclipseLogger - skip non existing resourceDirectory C:\Users\jerof\OneDrive\Documentos\Proyecto clase carlos\GestionAcademica-master\CrossCutting\src\test\resources
2022-06-02 16:26:22,747 [Worker-2: Import Getting Started Content] INFO  o.e.m.c.i.l.LifecycleMappingFactory - Using org.eclipse.m2e.jdt.JarLifecycleMapping lifecycle mapping for MavenProject: co.edu.uco.quotes.api:ApiQuotes:0.0.1-SNAPSHOT @ C:\Users\jerof\OneDrive\Documentos\Proyecto Carpinteria\ApiQuotes\pom.xml.
2022-06-02 16:26:23,075 [Worker-2: Import Getting Started Content] INFO  o.e.m.j.i.AbstractJavaProjectConfigurator - Adding source folder /ApiQuotes/src/main/java
2022-06-02 16:26:23,075 [Worker-2: Import Getting Started Content] INFO  o.e.m.j.i.AbstractJavaProjectConfigurator - Adding resource folder /ApiQuotes/src/main/resources
2022-06-02 16:26:23,082 [Worker-2: Import Getting Started Content] INFO  o.e.m.j.i.AbstractJavaProjectConfigurator - Adding resource folder /ApiQuotes/src/main/resources
2022-06-02 16:26:23,087 [Worker-2: Import Getting Started Content] INFO  o.e.m.j.i.AbstractJavaProjectConfigurator - Adding source folder /ApiQuotes/src/test/java
2022-06-02 16:26:23,304 [Worker-2: Import Getting Started Content] INFO  o.e.m.c.i.p.ProjectConfigurationManager - Imported and configured 1 project(s) in 1 sec
2022-06-02 16:26:23,316 [Worker-2: Import Getting Started Content] INFO  o.e.m.c.i.p.ProjectConfigurationManager - Update started
2022-06-02 16:26:23,549 [Worker-2: Import Getting Started Content] INFO  o.e.m.c.i.l.LifecycleMappingFactory - Using org.eclipse.m2e.jdt.JarLifecycleMapping lifecycle mapping for MavenProject: co.edu.uco.quotes.api:ApiQuotes:0.0.1-SNAPSHOT @ C:\Users\jerof\OneDrive\Documentos\Proyecto Carpinteria\ApiQuotes\pom.xml.
2022-06-02 16:26:23,885 [Worker-2: Import Getting Started Content] INFO  o.e.m.j.i.AbstractJavaProjectConfigurator - Adding source folder /ApiQuotes/src/main/java
2022-06-02 16:26:23,886 [Worker-2: Import Getting Started Content] INFO  o.e.m.j.i.AbstractJavaProjectConfigurator - Adding resource folder /ApiQuotes/src/main/resources
2022-06-02 16:26:23,886 [Worker-2: Import Getting Started Content] INFO  o.e.m.j.i.AbstractJavaProjectConfigurator - Adding resource folder /ApiQuotes/src/main/resources
2022-06-02 16:26:23,886 [Worker-2: Import Getting Started Content] INFO  o.e.m.j.i.AbstractJavaProjectConfigurator - Adding source folder /ApiQuotes/src/test/java
2022-06-02 16:26:24,037 [Worker-2: Import Getting Started Content] INFO  o.e.m.c.i.p.ProjectConfigurationManager - Update completed: 0 sec
2022-06-02 16:26:24,433 [Worker-25: Building] INFO  o.e.m.c.i.embedder.EclipseLogger - Using 'UTF-8' encoding to copy filtered resources.
2022-06-02 16:26:24,433 [Worker-25: Building] INFO  o.e.m.c.i.embedder.EclipseLogger - Using 'UTF-8' encoding to copy filtered properties files.
2022-06-02 16:26:24,436 [Worker-25: Building] INFO  o.e.m.c.i.embedder.EclipseLogger - Copying 1 resource
2022-06-02 16:26:24,449 [Worker-25: Building] INFO  o.e.m.c.i.embedder.EclipseLogger - Copying 0 resource
2022-06-02 16:26:24,452 [Worker-25: Building] INFO  o.e.m.c.i.embedder.EclipseLogger - Using 'UTF-8' encoding to copy filtered resources.
2022-06-02 16:26:24,452 [Worker-25: Building] INFO  o.e.m.c.i.embedder.EclipseLogger - Using 'UTF-8' encoding to copy filtered properties files.
2022-06-02 16:26:24,452 [Worker-25: Building] INFO  o.e.m.c.i.embedder.EclipseLogger - skip non existing resourceDirectory C:\Users\jerof\OneDrive\Documentos\Proyecto Carpinteria\ApiQuotes\src\test\resources
2022-06-02 19:45:45,392 [Worker-44: Enabling Maven Dependency Management] INFO  o.e.m.c.i.l.LifecycleMappingFactory - Using org.eclipse.m2e.jdt.JarLifecycleMapping lifecycle mapping for MavenProject: co.edu.co.quotes:DTOQuotes:0.0.1-SNAPSHOT @ C:\Users\jerof\OneDrive\Documentos\Proyecto Carpinteria\DTOQuotes\pom.xml.
2022-06-02 19:45:45,469 [Worker-44: Enabling Maven Dependency Management] INFO  o.e.m.j.i.AbstractJavaProjectConfigurator - Adding source folder /DTOQuotes/src
2022-06-02 19:45:45,470 [Worker-44: Enabling Maven Dependency Management] INFO  o.e.m.j.i.AbstractJavaProjectConfigurator - Not adding source folder /DTOQuotes/src/test/java because it overlaps with /DTOQuotes/src
2022-06-02 19:45:45,596 [Worker-44: Enabling Maven Dependency Management] INFO  o.e.m.c.i.p.ProjectConfigurationManager - Update started
2022-06-02 19:45:45,647 [Worker-44: Enabling Maven Dependency Management] INFO  o.e.m.c.i.l.LifecycleMappingFactory - Using org.eclipse.m2e.jdt.JarLifecycleMapping lifecycle mapping for MavenProject: co.edu.co.quotes:DTOQuotes:0.0.1-SNAPSHOT @ C:\Users\jerof\OneDrive\Documentos\Proyecto Carpinteria\DTOQuotes\pom.xml.
2022-06-02 19:45:45,700 [Worker-44: Enabling Maven Dependency Management] INFO  o.e.m.j.i.AbstractJavaProjectConfigurator - Adding source folder /DTOQuotes/src
2022-06-02 19:45:45,701 [Worker-44: Enabling Maven Dependency Management] INFO  o.e.m.j.i.AbstractJavaProjectConfigurator - Not adding source folder /DTOQuotes/src/test/java because it overlaps with /DTOQuotes/src
2022-06-02 19:45:45,751 [Worker-44: Enabling Maven Dependency Management] INFO  o.e.m.c.i.p.ProjectConfigurationManager - Update completed: 0 sec
2022-06-02 19:45:45,900 [Worker-50: Building] WARN  o.e.m.c.i.embedder.EclipseLogger - Using platform encoding (Cp1252 actually) to copy filtered resources, i.e. build is platform dependent!
2022-06-02 19:45:45,901 [Worker-50: Building] INFO  o.e.m.c.i.embedder.EclipseLogger - skip non existing resourceDirectory C:\Users\jerof\OneDrive\Documentos\Proyecto Carpinteria\DTOQuotes\src\main\resources
2022-06-02 19:45:45,902 [Worker-50: Building] WARN  o.e.m.c.i.embedder.EclipseLogger - Using platform encoding (Cp1252 actually) to copy filtered resources, i.e. build is platform dependent!
2022-06-02 19:45:45,903 [Worker-50: Building] INFO  o.e.m.c.i.embedder.EclipseLogger - skip non existing resourceDirectory C:\Users\jerof\OneDrive\Documentos\Proyecto Carpinteria\DTOQuotes\src\test\resources
2022-06-02 19:46:34,181 [Worker-48: Building] INFO  o.e.m.c.i.l.LifecycleMappingFactory - Using org.eclipse.m2e.jdt.JarLifecycleMapping lifecycle mapping for MavenProject: co.edu.uco.quotes:DTOQuotes:0.0.1-SNAPSHOT @ C:\Users\jerof\OneDrive\Documentos\Proyecto Carpinteria\DTOQuotes\pom.xml.
2022-06-02 19:46:34,199 [Worker-48: Building] WARN  o.e.m.c.i.embedder.EclipseLogger - Using platform encoding (Cp1252 actually) to copy filtered resources, i.e. build is platform dependent!
2022-06-02 19:46:34,200 [Worker-48: Building] INFO  o.e.m.c.i.embedder.EclipseLogger - skip non existing resourceDirectory C:\Users\jerof\OneDrive\Documentos\Proyecto Carpinteria\DTOQuotes\src\main\resources
2022-06-02 19:46:34,201 [Worker-48: Building] WARN  o.e.m.c.i.embedder.EclipseLogger - Using platform encoding (Cp1252 actually) to copy filtered resources, i.e. build is platform dependent!
2022-06-02 19:46:34,202 [Worker-48: Building] INFO  o.e.m.c.i.embedder.EclipseLogger - skip non existing resourceDirectory C:\Users\jerof\OneDrive\Documentos\Proyecto Carpinteria\DTOQuotes\src\test\resources
2022-06-02 19:47:04,440 [Worker-49: Enabling Maven Dependency Management] INFO  o.e.m.c.i.l.LifecycleMappingFactory - Using org.eclipse.m2e.jdt.JarLifecycleMapping lifecycle mapping for MavenProject: co.edu.uco.quotes:DataQuotes:0.0.1-SNAPSHOT @ C:\Users\jerof\OneDrive\Documentos\Proyecto Carpinteria\DataQuotes\pom.xml.
2022-06-02 19:47:04,530 [Worker-49: Enabling Maven Dependency Management] INFO  o.e.m.j.i.AbstractJavaProjectConfigurator - Adding source folder /DataQuotes/src
2022-06-02 19:47:04,531 [Worker-49: Enabling Maven Dependency Management] INFO  o.e.m.j.i.AbstractJavaProjectConfigurator - Not adding source folder /DataQuotes/src/test/java because it overlaps with /DataQuotes/src
2022-06-02 19:47:04,608 [Worker-49: Enabling Maven Dependency Management] INFO  o.e.m.c.i.p.ProjectConfigurationManager - Update started
2022-06-02 19:47:04,645 [Worker-49: Enabling Maven Dependency Management] INFO  o.e.m.c.i.l.LifecycleMappingFactory - Using org.eclipse.m2e.jdt.JarLifecycleMapping lifecycle mapping for MavenProject: co.edu.uco.quotes:DataQuotes:0.0.1-SNAPSHOT @ C:\Users\jerof\OneDrive\Documentos\Proyecto Carpinteria\DataQuotes\pom.xml.
2022-06-02 19:47:04,695 [Worker-49: Enabling Maven Dependency Management] INFO  o.e.m.j.i.AbstractJavaProjectConfigurator - Adding source folder /DataQuotes/src
2022-06-02 19:47:04,696 [Worker-49: Enabling Maven Dependency Management] INFO  o.e.m.j.i.AbstractJavaProjectConfigurator - Not adding source folder /DataQuotes/src/test/java because it overlaps with /DataQuotes/src
2022-06-02 19:47:04,741 [Worker-49: Enabling Maven Dependency Management] INFO  o.e.m.c.i.p.ProjectConfigurationManager - Update completed: 0 sec
2022-06-02 19:47:05,393 [Worker-50: Building] WARN  o.e.m.c.i.embedder.EclipseLogger - Using platform encoding (Cp1252 actually) to copy filtered resources, i.e. build is platform dependent!
2022-06-02 19:47:05,394 [Worker-50: Building] INFO  o.e.m.c.i.embedder.EclipseLogger - skip non existing resourceDirectory C:\Users\jerof\OneDrive\Documentos\Proyecto Carpinteria\DataQuotes\src\main\resources
2022-06-02 19:47:05,396 [Worker-50: Building] WARN  o.e.m.c.i.embedder.EclipseLogger - Using platform encoding (Cp1252 actually) to copy filtered resources, i.e. build is platform dependent!
2022-06-02 19:47:05,396 [Worker-50: Building] INFO  o.e.m.c.i.embedder.EclipseLogger - skip non existing resourceDirectory C:\Users\jerof\OneDrive\Documentos\Proyecto Carpinteria\DataQuotes\src\test\resources
2022-06-02 19:47:22,457 [Worker-45: Enabling Maven Dependency Management] INFO  o.e.m.c.i.l.LifecycleMappingFactory - Using org.eclipse.m2e.jdt.JarLifecycleMapping lifecycle mapping for MavenProject: co.edu.uco.quotes:CrossCuttingQuotes:0.0.1-SNAPSHOT @ C:\Users\jerof\OneDrive\Documentos\Proyecto Carpinteria\CrossCuttingQuotes\pom.xml.
2022-06-02 19:47:22,496 [Worker-45: Enabling Maven Dependency Management] INFO  o.e.m.j.i.AbstractJavaProjectConfigurator - Adding source folder /CrossCuttingQuotes/src
2022-06-02 19:47:22,497 [Worker-45: Enabling Maven Dependency Management] INFO  o.e.m.j.i.AbstractJavaProjectConfigurator - Not adding source folder /CrossCuttingQuotes/src/test/java because it overlaps with /CrossCuttingQuotes/src
2022-06-02 19:47:22,545 [Worker-45: Enabling Maven Dependency Management] INFO  o.e.m.c.i.p.ProjectConfigurationManager - Update started
2022-06-02 19:47:22,578 [Worker-45: Enabling Maven Dependency Management] INFO  o.e.m.c.i.l.LifecycleMappingFactory - Using org.eclipse.m2e.jdt.JarLifecycleMapping lifecycle mapping for MavenProject: co.edu.uco.quotes:CrossCuttingQuotes:0.0.1-SNAPSHOT @ C:\Users\jerof\OneDrive\Documentos\Proyecto Carpinteria\CrossCuttingQuotes\pom.xml.
2022-06-02 19:47:22,615 [Worker-45: Enabling Maven Dependency Management] INFO  o.e.m.j.i.AbstractJavaProjectConfigurator - Adding source folder /CrossCuttingQuotes/src
2022-06-02 19:47:22,616 [Worker-45: Enabling Maven Dependency Management] INFO  o.e.m.j.i.AbstractJavaProjectConfigurator - Not adding source folder /CrossCuttingQuotes/src/test/java because it overlaps with /CrossCuttingQuotes/src
2022-06-02 19:47:22,642 [Worker-45: Enabling Maven Dependency Management] INFO  o.e.m.c.i.p.ProjectConfigurationManager - Update completed: 0 sec
2022-06-02 19:47:22,752 [Worker-50: Building] WARN  o.e.m.c.i.embedder.EclipseLogger - Using platform encoding (Cp1252 actually) to copy filtered resources, i.e. build is platform dependent!
2022-06-02 19:47:22,753 [Worker-50: Building] INFO  o.e.m.c.i.embedder.EclipseLogger - skip non existing resourceDirectory C:\Users\jerof\OneDrive\Documentos\Proyecto Carpinteria\CrossCuttingQuotes\src\main\resources
2022-06-02 19:47:22,754 [Worker-50: Building] WARN  o.e.m.c.i.embedder.EclipseLogger - Using platform encoding (Cp1252 actually) to copy filtered resources, i.e. build is platform dependent!
2022-06-02 19:47:22,755 [Worker-50: Building] INFO  o.e.m.c.i.embedder.EclipseLogger - skip non existing resourceDirectory C:\Users\jerof\OneDrive\Documentos\Proyecto Carpinteria\CrossCuttingQuotes\src\test\resources
2022-06-02 19:49:55,392 [Worker-52: Enabling Maven Dependency Management] INFO  o.e.m.c.i.l.LifecycleMappingFactory - Using org.eclipse.m2e.jdt.JarLifecycleMapping lifecycle mapping for MavenProject: co.edu.uco.quotes:BusinessLogicQuotes:0.0.1-SNAPSHOT @ C:\Users\jerof\OneDrive\Documentos\Proyecto Carpinteria\BusinessLogicQuotes\pom.xml.
2022-06-02 19:49:55,435 [Worker-52: Enabling Maven Dependency Management] INFO  o.e.m.j.i.AbstractJavaProjectConfigurator - Adding source folder /BusinessLogicQuotes/src
2022-06-02 19:49:55,436 [Worker-52: Enabling Maven Dependency Management] INFO  o.e.m.j.i.AbstractJavaProjectConfigurator - Not adding source folder /BusinessLogicQuotes/src/test/java because it overlaps with /BusinessLogicQuotes/src
2022-06-02 19:49:55,498 [Worker-52: Enabling Maven Dependency Management] INFO  o.e.m.c.i.p.ProjectConfigurationManager - Update started
2022-06-02 19:49:55,543 [Worker-52: Enabling Maven Dependency Management] INFO  o.e.m.c.i.l.LifecycleMappingFactory - Using org.eclipse.m2e.jdt.JarLifecycleMapping lifecycle mapping for MavenProject: co.edu.uco.quotes:BusinessLogicQuotes:0.0.1-SNAPSHOT @ C:\Users\jerof\OneDrive\Documentos\Proyecto Carpinteria\BusinessLogicQuotes\pom.xml.
2022-06-02 19:49:55,580 [Worker-52: Enabling Maven Dependency Management] INFO  o.e.m.j.i.AbstractJavaProjectConfigurator - Adding source folder /BusinessLogicQuotes/src
2022-06-02 19:49:55,580 [Worker-52: Enabling Maven Dependency Management] INFO  o.e.m.j.i.AbstractJavaProjectConfigurator - Not adding source folder /BusinessLogicQuotes/src/test/java because it overlaps with /BusinessLogicQuotes/src
2022-06-02 19:49:55,621 [Worker-52: Enabling Maven Dependency Management] INFO  o.e.m.c.i.p.ProjectConfigurationManager - Update completed: 0 sec
2022-06-02 19:49:56,156 [Worker-44: Building] WARN  o.e.m.c.i.embedder.EclipseLogger - Using platform encoding (Cp1252 actually) to copy filtered resources, i.e. build is platform dependent!
2022-06-02 19:49:56,157 [Worker-44: Building] INFO  o.e.m.c.i.embedder.EclipseLogger - skip non existing resourceDirectory C:\Users\jerof\OneDrive\Documentos\Proyecto Carpinteria\BusinessLogicQuotes\src\main\resources
2022-06-02 19:49:56,157 [Worker-44: Building] WARN  o.e.m.c.i.embedder.EclipseLogger - Using platform encoding (Cp1252 actually) to copy filtered resources, i.e. build is platform dependent!
2022-06-02 19:49:56,158 [Worker-44: Building] INFO  o.e.m.c.i.embedder.EclipseLogger - skip non existing resourceDirectory C:\Users\jerof\OneDrive\Documentos\Proyecto Carpinteria\BusinessLogicQuotes\src\test\resources
2022-06-02 19:52:49,821 [Worker-53: Building] INFO  o.e.m.c.i.l.LifecycleMappingFactory - Using org.eclipse.m2e.jdt.JarLifecycleMapping lifecycle mapping for MavenProject: co.edu.uco.quotes.api:ApiQuotes:0.0.1-SNAPSHOT @ C:\Users\jerof\OneDrive\Documentos\Proyecto Carpinteria\ApiQuotes\pom.xml.
2022-06-02 19:52:50,235 [Worker-53: Building] INFO  o.e.m.c.i.embedder.EclipseLogger - Using 'UTF-8' encoding to copy filtered resources.
2022-06-02 19:52:50,236 [Worker-53: Building] INFO  o.e.m.c.i.embedder.EclipseLogger - Using 'UTF-8' encoding to copy filtered properties files.
2022-06-02 19:52:50,238 [Worker-53: Building] INFO  o.e.m.c.i.embedder.EclipseLogger - Copying 0 resource
2022-06-02 19:52:50,238 [Worker-53: Building] INFO  o.e.m.c.i.embedder.EclipseLogger - Copying 0 resource
2022-06-02 19:52:50,240 [Worker-53: Building] INFO  o.e.m.c.i.embedder.EclipseLogger - Using 'UTF-8' encoding to copy filtered resources.
2022-06-02 19:52:50,240 [Worker-53: Building] INFO  o.e.m.c.i.embedder.EclipseLogger - Using 'UTF-8' encoding to copy filtered properties files.
2022-06-02 19:52:50,240 [Worker-53: Building] INFO  o.e.m.c.i.embedder.EclipseLogger - skip non existing resourceDirectory C:\Users\jerof\OneDrive\Documentos\Proyecto Carpinteria\ApiQuotes\src\test\resources
2022-06-02 19:52:50,456 [Worker-53: Building] INFO  o.e.m.c.i.l.LifecycleMappingFactory - Using org.eclipse.m2e.jdt.JarLifecycleMapping lifecycle mapping for MavenProject: co.edu.uco.quotes:BusinessLogicQuotes:0.0.1-SNAPSHOT @ C:\Users\jerof\OneDrive\Documentos\Proyecto Carpinteria\BusinessLogicQuotes\pom.xml.
2022-06-02 19:52:50,681 [Worker-53: Building] WARN  o.e.m.c.i.embedder.EclipseLogger - Using platform encoding (Cp1252 actually) to copy filtered resources, i.e. build is platform dependent!
2022-06-02 19:52:50,681 [Worker-53: Building] INFO  o.e.m.c.i.embedder.EclipseLogger - skip non existing resourceDirectory C:\Users\jerof\OneDrive\Documentos\Proyecto Carpinteria\BusinessLogicQuotes\src\main\resources
2022-06-02 19:52:50,683 [Worker-53: Building] WARN  o.e.m.c.i.embedder.EclipseLogger - Using platform encoding (Cp1252 actually) to copy filtered resources, i.e. build is platform dependent!
2022-06-02 19:52:50,683 [Worker-53: Building] INFO  o.e.m.c.i.embedder.EclipseLogger - skip non existing resourceDirectory C:\Users\jerof\OneDrive\Documentos\Proyecto Carpinteria\BusinessLogicQuotes\src\test\resources
2022-06-02 19:52:50,708 [Worker-53: Building] INFO  o.e.m.c.i.l.LifecycleMappingFactory - Using org.eclipse.m2e.jdt.JarLifecycleMapping lifecycle mapping for MavenProject: co.edu.uco.quotes:DTOQuotes:0.0.1-SNAPSHOT @ C:\Users\jerof\OneDrive\Documentos\Proyecto Carpinteria\DTOQuotes\pom.xml.
2022-06-02 19:52:50,726 [Worker-53: Building] WARN  o.e.m.c.i.embedder.EclipseLogger - Using platform encoding (Cp1252 actually) to copy filtered resources, i.e. build is platform dependent!
2022-06-02 19:52:50,726 [Worker-53: Building] INFO  o.e.m.c.i.embedder.EclipseLogger - skip non existing resourceDirectory C:\Users\jerof\OneDrive\Documentos\Proyecto Carpinteria\DTOQuotes\src\main\resources
2022-06-02 19:52:50,728 [Worker-53: Building] WARN  o.e.m.c.i.embedder.EclipseLogger - Using platform encoding (Cp1252 actually) to copy filtered resources, i.e. build is platform dependent!
2022-06-02 19:52:50,729 [Worker-53: Building] INFO  o.e.m.c.i.embedder.EclipseLogger - skip non existing resourceDirectory C:\Users\jerof\OneDrive\Documentos\Proyecto Carpinteria\DTOQuotes\src\test\resources
2022-06-02 19:52:50,753 [Worker-53: Building] INFO  o.e.m.c.i.l.LifecycleMappingFactory - Using org.eclipse.m2e.jdt.JarLifecycleMapping lifecycle mapping for MavenProject: co.edu.uco.quotes:DataQuotes:0.0.1-SNAPSHOT @ C:\Users\jerof\OneDrive\Documentos\Proyecto Carpinteria\DataQuotes\pom.xml.
2022-06-02 19:52:50,770 [Worker-53: Building] WARN  o.e.m.c.i.embedder.EclipseLogger - Using platform encoding (Cp1252 actually) to copy filtered resources, i.e. build is platform dependent!
2022-06-02 19:52:50,771 [Worker-53: Building] INFO  o.e.m.c.i.embedder.EclipseLogger - skip non existing resourceDirectory C:\Users\jerof\OneDrive\Documentos\Proyecto Carpinteria\DataQuotes\src\main\resources
2022-06-02 19:52:50,771 [Worker-53: Building] WARN  o.e.m.c.i.embedder.EclipseLogger - Using platform encoding (Cp1252 actually) to copy filtered resources, i.e. build is platform dependent!
2022-06-02 19:52:50,772 [Worker-53: Building] INFO  o.e.m.c.i.embedder.EclipseLogger - skip non existing resourceDirectory C:\Users\jerof\OneDrive\Documentos\Proyecto Carpinteria\DataQuotes\src\test\resources
2022-06-02 19:57:10,676 [Worker-56: Building] INFO  o.e.m.c.i.l.LifecycleMappingFactory - Using org.eclipse.m2e.jdt.JarLifecycleMapping lifecycle mapping for MavenProject: co.edu.uco.quotes.api:ApiQuotes:0.0.1-SNAPSHOT @ C:\Users\jerof\OneDrive\Documentos\Proyecto Carpinteria\ApiQuotes\pom.xml.
2022-06-02 19:57:10,739 [Worker-56: Building] INFO  o.e.m.c.i.p.WorkspaceClassifierResolverManager - Resolving P/DTOQuotes: co.edu.uco.quotes:DTOQuotes:0.0.1-SNAPSHOT with classifier  to /DTOQuotes/target/classes
2022-06-02 19:57:10,739 [Worker-56: Building] INFO  o.e.m.c.i.p.WorkspaceClassifierResolverManager - Resolving P/BusinessLogicQuotes: co.edu.uco.quotes:BusinessLogicQuotes:0.0.1-SNAPSHOT with classifier  to /BusinessLogicQuotes/target/classes
2022-06-02 19:57:10,739 [Worker-56: Building] INFO  o.e.m.c.i.p.WorkspaceClassifierResolverManager - Resolving P/CrossCuttingQuotes: co.edu.uco.quotes:CrossCuttingQuotes:0.0.1-SNAPSHOT with classifier  to /CrossCuttingQuotes/target/classes
2022-06-02 19:57:10,959 [Worker-56: Building] INFO  o.e.m.c.i.embedder.EclipseLogger - Using 'UTF-8' encoding to copy filtered resources.
2022-06-02 19:57:10,959 [Worker-56: Building] INFO  o.e.m.c.i.embedder.EclipseLogger - Using 'UTF-8' encoding to copy filtered properties files.
2022-06-02 19:57:10,961 [Worker-56: Building] INFO  o.e.m.c.i.embedder.EclipseLogger - Copying 0 resource
2022-06-02 19:57:10,962 [Worker-56: Building] INFO  o.e.m.c.i.embedder.EclipseLogger - Copying 0 resource
2022-06-02 19:57:10,964 [Worker-56: Building] INFO  o.e.m.c.i.embedder.EclipseLogger - Using 'UTF-8' encoding to copy filtered resources.
2022-06-02 19:57:10,965 [Worker-56: Building] INFO  o.e.m.c.i.embedder.EclipseLogger - Using 'UTF-8' encoding to copy filtered properties files.
2022-06-02 19:57:10,965 [Worker-56: Building] INFO  o.e.m.c.i.embedder.EclipseLogger - skip non existing resourceDirectory C:\Users\jerof\OneDrive\Documentos\Proyecto Carpinteria\ApiQuotes\src\test\resources
2022-06-02 19:57:12,254 [Worker-44: Building] INFO  o.e.m.c.i.p.WorkspaceClassifierResolverManager - Resolving P/DTOQuotes: co.edu.uco.quotes:DTOQuotes:0.0.1-SNAPSHOT with classifier  to /DTOQuotes/target/classes
2022-06-02 19:57:12,254 [Worker-44: Building] INFO  o.e.m.c.i.p.WorkspaceClassifierResolverManager - Resolving P/BusinessLogicQuotes: co.edu.uco.quotes:BusinessLogicQuotes:0.0.1-SNAPSHOT with classifier  to /BusinessLogicQuotes/target/classes
2022-06-02 19:57:12,254 [Worker-44: Building] INFO  o.e.m.c.i.p.WorkspaceClassifierResolverManager - Resolving P/CrossCuttingQuotes: co.edu.uco.quotes:CrossCuttingQuotes:0.0.1-SNAPSHOT with classifier  to /CrossCuttingQuotes/target/classes
2022-06-02 19:57:12,257 [Worker-44: Building] INFO  o.e.m.c.i.embedder.EclipseLogger - Using 'UTF-8' encoding to copy filtered resources.
2022-06-02 19:57:12,257 [Worker-44: Building] INFO  o.e.m.c.i.embedder.EclipseLogger - Using 'UTF-8' encoding to copy filtered properties files.
2022-06-02 19:57:12,260 [Worker-44: Building] INFO  o.e.m.c.i.embedder.EclipseLogger - Copying 1 resource
2022-06-02 19:57:12,272 [Worker-44: Building] INFO  o.e.m.c.i.embedder.EclipseLogger - Copying 0 resource
2022-06-02 19:57:12,275 [Worker-44: Building] INFO  o.e.m.c.i.embedder.EclipseLogger - Using 'UTF-8' encoding to copy filtered resources.
2022-06-02 19:57:12,275 [Worker-44: Building] INFO  o.e.m.c.i.embedder.EclipseLogger - Using 'UTF-8' encoding to copy filtered properties files.
2022-06-02 19:57:12,275 [Worker-44: Building] INFO  o.e.m.c.i.embedder.EclipseLogger - skip non existing resourceDirectory C:\Users\jerof\OneDrive\Documentos\Proyecto Carpinteria\ApiQuotes\src\test\resources
2022-06-02 19:59:28,923 [Worker-44: Building] INFO  o.e.m.c.i.l.LifecycleMappingFactory - Using org.eclipse.m2e.jdt.JarLifecycleMapping lifecycle mapping for MavenProject: co.edu.uco.quotes:BusinessLogicQuotes:0.0.1-SNAPSHOT @ C:\Users\jerof\OneDrive\Documentos\Proyecto Carpinteria\BusinessLogicQuotes\pom.xml.
2022-06-02 19:59:28,927 [Worker-44: Building] INFO  o.e.m.c.i.p.WorkspaceClassifierResolverManager - Resolving P/DTOQuotes: co.edu.uco.quotes:DTOQuotes:0.0.1-SNAPSHOT with classifier  to /DTOQuotes/target/classes
2022-06-02 19:59:28,927 [Worker-44: Building] INFO  o.e.m.c.i.p.WorkspaceClassifierResolverManager - Resolving P/DataQuotes: co.edu.uco.quotes:DataQuotes:0.0.1-SNAPSHOT with classifier  to /DataQuotes/target/classes
2022-06-02 19:59:28,927 [Worker-44: Building] INFO  o.e.m.c.i.p.WorkspaceClassifierResolverManager - Resolving P/CrossCuttingQuotes: co.edu.uco.quotes:CrossCuttingQuotes:0.0.1-SNAPSHOT with classifier  to /CrossCuttingQuotes/target/classes
2022-06-02 19:59:29,027 [Worker-44: Building] INFO  o.e.m.c.i.l.LifecycleMappingFactory - Using org.eclipse.m2e.jdt.JarLifecycleMapping lifecycle mapping for MavenProject: co.edu.uco.quotes.api:ApiQuotes:0.0.1-SNAPSHOT @ C:\Users\jerof\OneDrive\Documentos\Proyecto Carpinteria\ApiQuotes\pom.xml.
2022-06-02 19:59:29,091 [Worker-44: Building] INFO  o.e.m.c.i.p.WorkspaceClassifierResolverManager - Resolving P/DTOQuotes: co.edu.uco.quotes:DTOQuotes:0.0.1-SNAPSHOT with classifier  to /DTOQuotes/target/classes
2022-06-02 19:59:29,091 [Worker-44: Building] INFO  o.e.m.c.i.p.WorkspaceClassifierResolverManager - Resolving P/BusinessLogicQuotes: co.edu.uco.quotes:BusinessLogicQuotes:0.0.1-SNAPSHOT with classifier  to /BusinessLogicQuotes/target/classes
2022-06-02 19:59:29,091 [Worker-44: Building] INFO  o.e.m.c.i.p.WorkspaceClassifierResolverManager - Resolving P/DataQuotes: co.edu.uco.quotes:DataQuotes:0.0.1-SNAPSHOT with classifier  to /DataQuotes/target/classes
2022-06-02 19:59:29,092 [Worker-44: Building] INFO  o.e.m.c.i.p.WorkspaceClassifierResolverManager - Resolving P/CrossCuttingQuotes: co.edu.uco.quotes:CrossCuttingQuotes:0.0.1-SNAPSHOT with classifier  to /CrossCuttingQuotes/target/classes
2022-06-02 19:59:29,239 [Worker-44: Building] WARN  o.e.m.c.i.embedder.EclipseLogger - Using platform encoding (Cp1252 actually) to copy filtered resources, i.e. build is platform dependent!
2022-06-02 19:59:29,240 [Worker-44: Building] INFO  o.e.m.c.i.embedder.EclipseLogger - skip non existing resourceDirectory C:\Users\jerof\OneDrive\Documentos\Proyecto Carpinteria\BusinessLogicQuotes\src\main\resources
2022-06-02 19:59:29,241 [Worker-44: Building] WARN  o.e.m.c.i.embedder.EclipseLogger - Using platform encoding (Cp1252 actually) to copy filtered resources, i.e. build is platform dependent!
2022-06-02 19:59:29,242 [Worker-44: Building] INFO  o.e.m.c.i.embedder.EclipseLogger - skip non existing resourceDirectory C:\Users\jerof\OneDrive\Documentos\Proyecto Carpinteria\BusinessLogicQuotes\src\test\resources
2022-06-02 19:59:30,518 [Worker-44: Building] INFO  o.e.m.c.i.p.WorkspaceClassifierResolverManager - Resolving P/DTOQuotes: co.edu.uco.quotes:DTOQuotes:0.0.1-SNAPSHOT with classifier  to /DTOQuotes/target/classes
2022-06-02 19:59:30,519 [Worker-44: Building] INFO  o.e.m.c.i.p.WorkspaceClassifierResolverManager - Resolving P/BusinessLogicQuotes: co.edu.uco.quotes:BusinessLogicQuotes:0.0.1-SNAPSHOT with classifier  to /BusinessLogicQuotes/target/classes
2022-06-02 19:59:30,519 [Worker-44: Building] INFO  o.e.m.c.i.p.WorkspaceClassifierResolverManager - Resolving P/DataQuotes: co.edu.uco.quotes:DataQuotes:0.0.1-SNAPSHOT with classifier  to /DataQuotes/target/classes
2022-06-02 19:59:30,519 [Worker-44: Building] INFO  o.e.m.c.i.p.WorkspaceClassifierResolverManager - Resolving P/CrossCuttingQuotes: co.edu.uco.quotes:CrossCuttingQuotes:0.0.1-SNAPSHOT with classifier  to /CrossCuttingQuotes/target/classes
2022-06-02 19:59:30,521 [Worker-44: Building] INFO  o.e.m.c.i.embedder.EclipseLogger - Using 'UTF-8' encoding to copy filtered resources.
2022-06-02 19:59:30,521 [Worker-44: Building] INFO  o.e.m.c.i.embedder.EclipseLogger - Using 'UTF-8' encoding to copy filtered properties files.
2022-06-02 19:59:30,522 [Worker-44: Building] INFO  o.e.m.c.i.embedder.EclipseLogger - Copying 1 resource
2022-06-02 19:59:30,524 [Worker-44: Building] INFO  o.e.m.c.i.embedder.EclipseLogger - Copying 0 resource
2022-06-02 19:59:30,525 [Worker-44: Building] INFO  o.e.m.c.i.embedder.EclipseLogger - Using 'UTF-8' encoding to copy filtered resources.
2022-06-02 19:59:30,525 [Worker-44: Building] INFO  o.e.m.c.i.embedder.EclipseLogger - Using 'UTF-8' encoding to copy filtered properties files.
2022-06-02 19:59:30,525 [Worker-44: Building] INFO  o.e.m.c.i.embedder.EclipseLogger - skip non existing resourceDirectory C:\Users\jerof\OneDrive\Documentos\Proyecto Carpinteria\ApiQuotes\src\test\resources
2022-06-02 19:59:53,859 [Worker-59: reload maven project] INFO  o.e.m.c.i.p.WorkspaceClassifierResolverManager - Resolving P/DTOQuotes: co.edu.uco.quotes:DTOQuotes:0.0.1-SNAPSHOT with classifier  to /DTOQuotes/target/classes
2022-06-02 19:59:53,860 [Worker-59: reload maven project] INFO  o.e.m.c.i.p.WorkspaceClassifierResolverManager - Resolving P/DataQuotes: co.edu.uco.quotes:DataQuotes:0.0.1-SNAPSHOT with classifier  to /DataQuotes/target/classes
2022-06-02 19:59:53,860 [Worker-59: reload maven project] INFO  o.e.m.c.i.p.WorkspaceClassifierResolverManager - Resolving P/CrossCuttingQuotes: co.edu.uco.quotes:CrossCuttingQuotes:0.0.1-SNAPSHOT with classifier  to /CrossCuttingQuotes/target/classes
2022-06-02 20:03:06,238 [Worker-59: reload maven project] INFO  o.e.m.c.i.p.WorkspaceClassifierResolverManager - Resolving P/CrossCutting: co.edu.uco.crosscutting:CrossCutting:0.0.1-SNAPSHOT with classifier  to /CrossCutting/target/classes
2022-06-02 20:03:06,360 [Worker-44: Building] INFO  o.e.m.c.i.l.LifecycleMappingFactory - Using org.eclipse.m2e.jdt.JarLifecycleMapping lifecycle mapping for MavenProject: co.edu.uco.quotes:CrossCuttingQuotes:0.0.1-SNAPSHOT @ C:\Users\jerof\OneDrive\Documentos\Proyecto Carpinteria\CrossCuttingQuotes\pom.xml.
2022-06-02 20:03:06,361 [Worker-44: Building] INFO  o.e.m.c.i.p.WorkspaceClassifierResolverManager - Resolving P/CrossCutting: co.edu.uco.crosscutting:CrossCutting:0.0.1-SNAPSHOT with classifier  to /CrossCutting/target/classes
2022-06-02 20:03:06,385 [Worker-44: Building] INFO  o.e.m.c.i.l.LifecycleMappingFactory - Using org.eclipse.m2e.jdt.JarLifecycleMapping lifecycle mapping for MavenProject: co.edu.uco.quotes:BusinessLogicQuotes:0.0.1-SNAPSHOT @ C:\Users\jerof\OneDrive\Documentos\Proyecto Carpinteria\BusinessLogicQuotes\pom.xml.
2022-06-02 20:03:06,389 [Worker-44: Building] INFO  o.e.m.c.i.p.WorkspaceClassifierResolverManager - Resolving P/DTOQuotes: co.edu.uco.quotes:DTOQuotes:0.0.1-SNAPSHOT with classifier  to /DTOQuotes/target/classes
2022-06-02 20:03:06,390 [Worker-44: Building] INFO  o.e.m.c.i.p.WorkspaceClassifierResolverManager - Resolving P/DataQuotes: co.edu.uco.quotes:DataQuotes:0.0.1-SNAPSHOT with classifier  to /DataQuotes/target/classes
2022-06-02 20:03:06,390 [Worker-44: Building] INFO  o.e.m.c.i.p.WorkspaceClassifierResolverManager - Resolving P/CrossCuttingQuotes: co.edu.uco.quotes:CrossCuttingQuotes:0.0.1-SNAPSHOT with classifier  to /CrossCuttingQuotes/target/classes
2022-06-02 20:03:06,390 [Worker-44: Building] INFO  o.e.m.c.i.p.WorkspaceClassifierResolverManager - Resolving P/CrossCutting: co.edu.uco.crosscutting:CrossCutting:0.0.1-SNAPSHOT with classifier  to /CrossCutting/target/classes
2022-06-02 20:03:06,564 [Worker-44: Building] INFO  o.e.m.c.i.l.LifecycleMappingFactory - Using org.eclipse.m2e.jdt.JarLifecycleMapping lifecycle mapping for MavenProject: co.edu.uco.quotes.api:ApiQuotes:0.0.1-SNAPSHOT @ C:\Users\jerof\OneDrive\Documentos\Proyecto Carpinteria\ApiQuotes\pom.xml.
2022-06-02 20:03:06,623 [Worker-44: Building] INFO  o.e.m.c.i.p.WorkspaceClassifierResolverManager - Resolving P/DTOQuotes: co.edu.uco.quotes:DTOQuotes:0.0.1-SNAPSHOT with classifier  to /DTOQuotes/target/classes
2022-06-02 20:03:06,623 [Worker-44: Building] INFO  o.e.m.c.i.p.WorkspaceClassifierResolverManager - Resolving P/BusinessLogicQuotes: co.edu.uco.quotes:BusinessLogicQuotes:0.0.1-SNAPSHOT with classifier  to /BusinessLogicQuotes/target/classes
2022-06-02 20:03:06,623 [Worker-44: Building] INFO  o.e.m.c.i.p.WorkspaceClassifierResolverManager - Resolving P/DataQuotes: co.edu.uco.quotes:DataQuotes:0.0.1-SNAPSHOT with classifier  to /DataQuotes/target/classes
2022-06-02 20:03:06,624 [Worker-44: Building] INFO  o.e.m.c.i.p.WorkspaceClassifierResolverManager - Resolving P/CrossCuttingQuotes: co.edu.uco.quotes:CrossCuttingQuotes:0.0.1-SNAPSHOT with classifier  to /CrossCuttingQuotes/target/classes
2022-06-02 20:03:06,624 [Worker-44: Building] INFO  o.e.m.c.i.p.WorkspaceClassifierResolverManager - Resolving P/CrossCutting: co.edu.uco.crosscutting:CrossCutting:0.0.1-SNAPSHOT with classifier  to /CrossCutting/target/classes
2022-06-02 20:03:06,774 [Worker-44: Building] WARN  o.e.m.c.i.embedder.EclipseLogger - Using platform encoding (Cp1252 actually) to copy filtered resources, i.e. build is platform dependent!
2022-06-02 20:03:06,776 [Worker-44: Building] INFO  o.e.m.c.i.embedder.EclipseLogger - skip non existing resourceDirectory C:\Users\jerof\OneDrive\Documentos\Proyecto Carpinteria\CrossCuttingQuotes\src\main\resources
2022-06-02 20:03:06,777 [Worker-44: Building] WARN  o.e.m.c.i.embedder.EclipseLogger - Using platform encoding (Cp1252 actually) to copy filtered resources, i.e. build is platform dependent!
2022-06-02 20:03:06,778 [Worker-44: Building] INFO  o.e.m.c.i.embedder.EclipseLogger - skip non existing resourceDirectory C:\Users\jerof\OneDrive\Documentos\Proyecto Carpinteria\CrossCuttingQuotes\src\test\resources
2022-06-02 20:03:06,818 [Worker-44: Building] INFO  o.e.m.c.i.l.LifecycleMappingFactory - Using org.eclipse.m2e.jdt.JarLifecycleMapping lifecycle mapping for MavenProject: co.edu.uco.quotes:DataQuotes:0.0.1-SNAPSHOT @ C:\Users\jerof\OneDrive\Documentos\Proyecto Carpinteria\DataQuotes\pom.xml.
2022-06-02 20:03:06,823 [Worker-44: Building] INFO  o.e.m.c.i.p.WorkspaceClassifierResolverManager - Resolving P/DTOQuotes: co.edu.uco.quotes:DTOQuotes:0.0.1-SNAPSHOT with classifier  to /DTOQuotes/target/classes
2022-06-02 20:03:06,823 [Worker-44: Building] INFO  o.e.m.c.i.p.WorkspaceClassifierResolverManager - Resolving P/CrossCuttingQuotes: co.edu.uco.quotes:CrossCuttingQuotes:0.0.1-SNAPSHOT with classifier  to /CrossCuttingQuotes/target/classes
2022-06-02 20:03:06,823 [Worker-44: Building] INFO  o.e.m.c.i.p.WorkspaceClassifierResolverManager - Resolving P/CrossCutting: co.edu.uco.crosscutting:CrossCutting:0.0.1-SNAPSHOT with classifier  to /CrossCutting/target/classes
2022-06-02 20:03:06,850 [Worker-44: Building] INFO  o.e.m.c.i.l.LifecycleMappingFactory - Using org.eclipse.m2e.jdt.JarLifecycleMapping lifecycle mapping for MavenProject: co.edu.uco.quotes:BusinessLogicQuotes:0.0.1-SNAPSHOT @ C:\Users\jerof\OneDrive\Documentos\Proyecto Carpinteria\BusinessLogicQuotes\pom.xml.
2022-06-02 20:03:06,853 [Worker-44: Building] INFO  o.e.m.c.i.p.WorkspaceClassifierResolverManager - Resolving P/DTOQuotes: co.edu.uco.quotes:DTOQuotes:0.0.1-SNAPSHOT with classifier  to /DTOQuotes/target/classes
2022-06-02 20:03:06,853 [Worker-44: Building] INFO  o.e.m.c.i.p.WorkspaceClassifierResolverManager - Resolving P/DataQuotes: co.edu.uco.quotes:DataQuotes:0.0.1-SNAPSHOT with classifier  to /DataQuotes/target/classes
2022-06-02 20:03:06,853 [Worker-44: Building] INFO  o.e.m.c.i.p.WorkspaceClassifierResolverManager - Resolving P/CrossCuttingQuotes: co.edu.uco.quotes:CrossCuttingQuotes:0.0.1-SNAPSHOT with classifier  to /CrossCuttingQuotes/target/classes
2022-06-02 20:03:06,854 [Worker-44: Building] INFO  o.e.m.c.i.p.WorkspaceClassifierResolverManager - Resolving P/CrossCutting: co.edu.uco.crosscutting:CrossCutting:0.0.1-SNAPSHOT with classifier  to /CrossCutting/target/classes
2022-06-02 20:03:06,991 [Worker-44: Building] INFO  o.e.m.c.i.l.LifecycleMappingFactory - Using org.eclipse.m2e.jdt.JarLifecycleMapping lifecycle mapping for MavenProject: co.edu.uco.quotes.api:ApiQuotes:0.0.1-SNAPSHOT @ C:\Users\jerof\OneDrive\Documentos\Proyecto Carpinteria\ApiQuotes\pom.xml.
2022-06-02 20:03:07,055 [Worker-44: Building] INFO  o.e.m.c.i.p.WorkspaceClassifierResolverManager - Resolving P/DTOQuotes: co.edu.uco.quotes:DTOQuotes:0.0.1-SNAPSHOT with classifier  to /DTOQuotes/target/classes
2022-06-02 20:03:07,055 [Worker-44: Building] INFO  o.e.m.c.i.p.WorkspaceClassifierResolverManager - Resolving P/BusinessLogicQuotes: co.edu.uco.quotes:BusinessLogicQuotes:0.0.1-SNAPSHOT with classifier  to /BusinessLogicQuotes/target/classes
2022-06-02 20:03:07,055 [Worker-44: Building] INFO  o.e.m.c.i.p.WorkspaceClassifierResolverManager - Resolving P/DataQuotes: co.edu.uco.quotes:DataQuotes:0.0.1-SNAPSHOT with classifier  to /DataQuotes/target/classes
2022-06-02 20:03:07,055 [Worker-44: Building] INFO  o.e.m.c.i.p.WorkspaceClassifierResolverManager - Resolving P/CrossCuttingQuotes: co.edu.uco.quotes:CrossCuttingQuotes:0.0.1-SNAPSHOT with classifier  to /CrossCuttingQuotes/target/classes
2022-06-02 20:03:07,055 [Worker-44: Building] INFO  o.e.m.c.i.p.WorkspaceClassifierResolverManager - Resolving P/CrossCutting: co.edu.uco.crosscutting:CrossCutting:0.0.1-SNAPSHOT with classifier  to /CrossCutting/target/classes
2022-06-02 20:03:07,191 [Worker-44: Building] WARN  o.e.m.c.i.embedder.EclipseLogger - Using platform encoding (Cp1252 actually) to copy filtered resources, i.e. build is platform dependent!
2022-06-02 20:03:07,193 [Worker-44: Building] INFO  o.e.m.c.i.embedder.EclipseLogger - skip non existing resourceDirectory C:\Users\jerof\OneDrive\Documentos\Proyecto Carpinteria\DataQuotes\src\main\resources
2022-06-02 20:03:07,194 [Worker-44: Building] WARN  o.e.m.c.i.embedder.EclipseLogger - Using platform encoding (Cp1252 actually) to copy filtered resources, i.e. build is platform dependent!
2022-06-02 20:03:07,195 [Worker-44: Building] INFO  o.e.m.c.i.embedder.EclipseLogger - skip non existing resourceDirectory C:\Users\jerof\OneDrive\Documentos\Proyecto Carpinteria\DataQuotes\src\test\resources
2022-06-02 20:03:07,201 [Worker-56: Loading pom.xml] INFO  o.e.m.c.i.p.WorkspaceClassifierResolverManager - Resolving P/DTOQuotes: co.edu.uco.quotes:DTOQuotes:0.0.1-SNAPSHOT with classifier  to /DTOQuotes/target/classes
2022-06-02 20:03:07,201 [Worker-56: Loading pom.xml] INFO  o.e.m.c.i.p.WorkspaceClassifierResolverManager - Resolving P/CrossCuttingQuotes: co.edu.uco.quotes:CrossCuttingQuotes:0.0.1-SNAPSHOT with classifier  to /CrossCuttingQuotes/target/classes
2022-06-02 20:03:07,201 [Worker-56: Loading pom.xml] INFO  o.e.m.c.i.p.WorkspaceClassifierResolverManager - Resolving P/CrossCutting: co.edu.uco.crosscutting:CrossCutting:0.0.1-SNAPSHOT with classifier  to /CrossCutting/target/classes
2022-06-02 20:03:08,464 [Worker-59: Building] INFO  o.e.m.c.i.p.WorkspaceClassifierResolverManager - Resolving P/DTOQuotes: co.edu.uco.quotes:DTOQuotes:0.0.1-SNAPSHOT with classifier  to /DTOQuotes/target/classes
2022-06-02 20:03:08,464 [Worker-59: Building] INFO  o.e.m.c.i.p.WorkspaceClassifierResolverManager - Resolving P/BusinessLogicQuotes: co.edu.uco.quotes:BusinessLogicQuotes:0.0.1-SNAPSHOT with classifier  to /BusinessLogicQuotes/target/classes
2022-06-02 20:03:08,464 [Worker-59: Building] INFO  o.e.m.c.i.p.WorkspaceClassifierResolverManager - Resolving P/DataQuotes: co.edu.uco.quotes:DataQuotes:0.0.1-SNAPSHOT with classifier  to /DataQuotes/target/classes
2022-06-02 20:03:08,464 [Worker-59: Building] INFO  o.e.m.c.i.p.WorkspaceClassifierResolverManager - Resolving P/CrossCuttingQuotes: co.edu.uco.quotes:CrossCuttingQuotes:0.0.1-SNAPSHOT with classifier  to /CrossCuttingQuotes/target/classes
2022-06-02 20:03:08,464 [Worker-59: Building] INFO  o.e.m.c.i.p.WorkspaceClassifierResolverManager - Resolving P/CrossCutting: co.edu.uco.crosscutting:CrossCutting:0.0.1-SNAPSHOT with classifier  to /CrossCutting/target/classes
2022-06-02 20:03:08,561 [Worker-59: Building] INFO  o.e.m.c.i.embedder.EclipseLogger - Using 'UTF-8' encoding to copy filtered resources.
2022-06-02 20:03:08,561 [Worker-59: Building] INFO  o.e.m.c.i.embedder.EclipseLogger - Using 'UTF-8' encoding to copy filtered properties files.
2022-06-02 20:03:08,563 [Worker-59: Building] INFO  o.e.m.c.i.embedder.EclipseLogger - Copying 1 resource
2022-06-02 20:03:08,573 [Worker-59: Building] INFO  o.e.m.c.i.embedder.EclipseLogger - Copying 0 resource
2022-06-02 20:03:08,575 [Worker-59: Building] INFO  o.e.m.c.i.embedder.EclipseLogger - Using 'UTF-8' encoding to copy filtered resources.
2022-06-02 20:03:08,575 [Worker-59: Building] INFO  o.e.m.c.i.embedder.EclipseLogger - Using 'UTF-8' encoding to copy filtered properties files.
2022-06-02 20:03:08,575 [Worker-59: Building] INFO  o.e.m.c.i.embedder.EclipseLogger - skip non existing resourceDirectory C:\Users\jerof\OneDrive\Documentos\Proyecto Carpinteria\ApiQuotes\src\test\resources
2022-06-02 20:03:08,586 [Worker-59: Building] INFO  o.e.m.c.i.p.WorkspaceClassifierResolverManager - Resolving P/DTOQuotes: co.edu.uco.quotes:DTOQuotes:0.0.1-SNAPSHOT with classifier  to /DTOQuotes/target/classes
2022-06-02 20:03:08,586 [Worker-59: Building] INFO  o.e.m.c.i.p.WorkspaceClassifierResolverManager - Resolving P/DataQuotes: co.edu.uco.quotes:DataQuotes:0.0.1-SNAPSHOT with classifier  to /DataQuotes/target/classes
2022-06-02 20:03:08,586 [Worker-59: Building] INFO  o.e.m.c.i.p.WorkspaceClassifierResolverManager - Resolving P/CrossCuttingQuotes: co.edu.uco.quotes:CrossCuttingQuotes:0.0.1-SNAPSHOT with classifier  to /CrossCuttingQuotes/target/classes
2022-06-02 20:03:08,586 [Worker-59: Building] INFO  o.e.m.c.i.p.WorkspaceClassifierResolverManager - Resolving P/CrossCutting: co.edu.uco.crosscutting:CrossCutting:0.0.1-SNAPSHOT with classifier  to /CrossCutting/target/classes
2022-06-02 20:03:08,587 [Worker-59: Building] WARN  o.e.m.c.i.embedder.EclipseLogger - Using platform encoding (Cp1252 actually) to copy filtered resources, i.e. build is platform dependent!
2022-06-02 20:03:08,589 [Worker-59: Building] INFO  o.e.m.c.i.embedder.EclipseLogger - skip non existing resourceDirectory C:\Users\jerof\OneDrive\Documentos\Proyecto Carpinteria\BusinessLogicQuotes\src\main\resources
2022-06-02 20:03:08,590 [Worker-59: Building] WARN  o.e.m.c.i.embedder.EclipseLogger - Using platform encoding (Cp1252 actually) to copy filtered resources, i.e. build is platform dependent!
2022-06-02 20:03:08,591 [Worker-59: Building] INFO  o.e.m.c.i.embedder.EclipseLogger - skip non existing resourceDirectory C:\Users\jerof\OneDrive\Documentos\Proyecto Carpinteria\BusinessLogicQuotes\src\test\resources
2022-06-02 20:03:08,614 [Worker-59: Building] WARN  o.e.m.c.i.embedder.EclipseLogger - Using platform encoding (Cp1252 actually) to copy filtered resources, i.e. build is platform dependent!
2022-06-02 20:03:08,615 [Worker-59: Building] INFO  o.e.m.c.i.embedder.EclipseLogger - skip non existing resourceDirectory C:\Users\jerof\OneDrive\Documentos\Proyecto Carpinteria\DataQuotes\src\main\resources
2022-06-02 20:03:08,618 [Worker-59: Building] WARN  o.e.m.c.i.embedder.EclipseLogger - Using platform encoding (Cp1252 actually) to copy filtered resources, i.e. build is platform dependent!
2022-06-02 20:03:08,619 [Worker-59: Building] INFO  o.e.m.c.i.embedder.EclipseLogger - skip non existing resourceDirectory C:\Users\jerof\OneDrive\Documentos\Proyecto Carpinteria\DataQuotes\src\test\resources
2022-06-02 20:03:43,198 [Worker-55: reload maven project] INFO  o.e.m.c.i.p.WorkspaceClassifierResolverManager - Resolving P/CrossCuttingQuotes: co.edu.uco.quotes:CrossCuttingQuotes:0.0.1-SNAPSHOT with classifier  to /CrossCuttingQuotes/target/classes
2022-06-02 20:03:43,198 [Worker-55: reload maven project] INFO  o.e.m.c.i.p.WorkspaceClassifierResolverManager - Resolving P/CrossCutting: co.edu.uco.crosscutting:CrossCutting:0.0.1-SNAPSHOT with classifier  to /CrossCutting/target/classes
2022-06-02 20:03:43,318 [Worker-44: Building] INFO  o.e.m.c.i.l.LifecycleMappingFactory - Using org.eclipse.m2e.jdt.JarLifecycleMapping lifecycle mapping for MavenProject: co.edu.uco.quotes:DTOQuotes:0.0.1-SNAPSHOT @ C:\Users\jerof\OneDrive\Documentos\Proyecto Carpinteria\DTOQuotes\pom.xml.
2022-06-02 20:03:43,321 [Worker-44: Building] INFO  o.e.m.c.i.p.WorkspaceClassifierResolverManager - Resolving P/CrossCuttingQuotes: co.edu.uco.quotes:CrossCuttingQuotes:0.0.1-SNAPSHOT with classifier  to /CrossCuttingQuotes/target/classes
2022-06-02 20:03:43,321 [Worker-44: Building] INFO  o.e.m.c.i.p.WorkspaceClassifierResolverManager - Resolving P/CrossCutting: co.edu.uco.crosscutting:CrossCutting:0.0.1-SNAPSHOT with classifier  to /CrossCutting/target/classes
2022-06-02 20:03:43,340 [Worker-44: Building] INFO  o.e.m.c.i.l.LifecycleMappingFactory - Using org.eclipse.m2e.jdt.JarLifecycleMapping lifecycle mapping for MavenProject: co.edu.uco.quotes:DataQuotes:0.0.1-SNAPSHOT @ C:\Users\jerof\OneDrive\Documentos\Proyecto Carpinteria\DataQuotes\pom.xml.
2022-06-02 20:03:43,344 [Worker-44: Building] INFO  o.e.m.c.i.p.WorkspaceClassifierResolverManager - Resolving P/DTOQuotes: co.edu.uco.quotes:DTOQuotes:0.0.1-SNAPSHOT with classifier  to /DTOQuotes/target/classes
2022-06-02 20:03:43,344 [Worker-44: Building] INFO  o.e.m.c.i.p.WorkspaceClassifierResolverManager - Resolving P/CrossCuttingQuotes: co.edu.uco.quotes:CrossCuttingQuotes:0.0.1-SNAPSHOT with classifier  to /CrossCuttingQuotes/target/classes
2022-06-02 20:03:43,344 [Worker-44: Building] INFO  o.e.m.c.i.p.WorkspaceClassifierResolverManager - Resolving P/CrossCutting: co.edu.uco.crosscutting:CrossCutting:0.0.1-SNAPSHOT with classifier  to /CrossCutting/target/classes
2022-06-02 20:03:43,371 [Worker-44: Building] INFO  o.e.m.c.i.l.LifecycleMappingFactory - Using org.eclipse.m2e.jdt.JarLifecycleMapping lifecycle mapping for MavenProject: co.edu.uco.quotes:BusinessLogicQuotes:0.0.1-SNAPSHOT @ C:\Users\jerof\OneDrive\Documentos\Proyecto Carpinteria\BusinessLogicQuotes\pom.xml.
2022-06-02 20:03:43,373 [Worker-44: Building] INFO  o.e.m.c.i.p.WorkspaceClassifierResolverManager - Resolving P/DTOQuotes: co.edu.uco.quotes:DTOQuotes:0.0.1-SNAPSHOT with classifier  to /DTOQuotes/target/classes
2022-06-02 20:03:43,373 [Worker-44: Building] INFO  o.e.m.c.i.p.WorkspaceClassifierResolverManager - Resolving P/DataQuotes: co.edu.uco.quotes:DataQuotes:0.0.1-SNAPSHOT with classifier  to /DataQuotes/target/classes
2022-06-02 20:03:43,373 [Worker-44: Building] INFO  o.e.m.c.i.p.WorkspaceClassifierResolverManager - Resolving P/CrossCuttingQuotes: co.edu.uco.quotes:CrossCuttingQuotes:0.0.1-SNAPSHOT with classifier  to /CrossCuttingQuotes/target/classes
2022-06-02 20:03:43,373 [Worker-44: Building] INFO  o.e.m.c.i.p.WorkspaceClassifierResolverManager - Resolving P/CrossCutting: co.edu.uco.crosscutting:CrossCutting:0.0.1-SNAPSHOT with classifier  to /CrossCutting/target/classes
2022-06-02 20:03:43,552 [Worker-44: Building] INFO  o.e.m.c.i.l.LifecycleMappingFactory - Using org.eclipse.m2e.jdt.JarLifecycleMapping lifecycle mapping for MavenProject: co.edu.uco.quotes.api:ApiQuotes:0.0.1-SNAPSHOT @ C:\Users\jerof\OneDrive\Documentos\Proyecto Carpinteria\ApiQuotes\pom.xml.
2022-06-02 20:03:43,620 [Worker-44: Building] INFO  o.e.m.c.i.p.WorkspaceClassifierResolverManager - Resolving P/DTOQuotes: co.edu.uco.quotes:DTOQuotes:0.0.1-SNAPSHOT with classifier  to /DTOQuotes/target/classes
2022-06-02 20:03:43,620 [Worker-44: Building] INFO  o.e.m.c.i.p.WorkspaceClassifierResolverManager - Resolving P/BusinessLogicQuotes: co.edu.uco.quotes:BusinessLogicQuotes:0.0.1-SNAPSHOT with classifier  to /BusinessLogicQuotes/target/classes
2022-06-02 20:03:43,620 [Worker-44: Building] INFO  o.e.m.c.i.p.WorkspaceClassifierResolverManager - Resolving P/DataQuotes: co.edu.uco.quotes:DataQuotes:0.0.1-SNAPSHOT with classifier  to /DataQuotes/target/classes
2022-06-02 20:03:43,621 [Worker-44: Building] INFO  o.e.m.c.i.p.WorkspaceClassifierResolverManager - Resolving P/CrossCuttingQuotes: co.edu.uco.quotes:CrossCuttingQuotes:0.0.1-SNAPSHOT with classifier  to /CrossCuttingQuotes/target/classes
2022-06-02 20:03:43,621 [Worker-44: Building] INFO  o.e.m.c.i.p.WorkspaceClassifierResolverManager - Resolving P/CrossCutting: co.edu.uco.crosscutting:CrossCutting:0.0.1-SNAPSHOT with classifier  to /CrossCutting/target/classes
2022-06-02 20:03:43,759 [Worker-44: Building] WARN  o.e.m.c.i.embedder.EclipseLogger - Using platform encoding (Cp1252 actually) to copy filtered resources, i.e. build is platform dependent!
2022-06-02 20:03:43,760 [Worker-44: Building] INFO  o.e.m.c.i.embedder.EclipseLogger - skip non existing resourceDirectory C:\Users\jerof\OneDrive\Documentos\Proyecto Carpinteria\DTOQuotes\src\main\resources
2022-06-02 20:03:43,762 [Worker-44: Building] WARN  o.e.m.c.i.embedder.EclipseLogger - Using platform encoding (Cp1252 actually) to copy filtered resources, i.e. build is platform dependent!
2022-06-02 20:03:43,763 [Worker-44: Building] INFO  o.e.m.c.i.embedder.EclipseLogger - skip non existing resourceDirectory C:\Users\jerof\OneDrive\Documentos\Proyecto Carpinteria\DTOQuotes\src\test\resources
2022-06-02 20:03:43,775 [Worker-44: Building] INFO  o.e.m.c.i.p.WorkspaceClassifierResolverManager - Resolving P/DTOQuotes: co.edu.uco.quotes:DTOQuotes:0.0.1-SNAPSHOT with classifier  to /DTOQuotes/target/classes
2022-06-02 20:03:43,776 [Worker-44: Building] INFO  o.e.m.c.i.p.WorkspaceClassifierResolverManager - Resolving P/CrossCuttingQuotes: co.edu.uco.quotes:CrossCuttingQuotes:0.0.1-SNAPSHOT with classifier  to /CrossCuttingQuotes/target/classes
2022-06-02 20:03:43,776 [Worker-44: Building] INFO  o.e.m.c.i.p.WorkspaceClassifierResolverManager - Resolving P/CrossCutting: co.edu.uco.crosscutting:CrossCutting:0.0.1-SNAPSHOT with classifier  to /CrossCutting/target/classes
2022-06-02 20:03:43,778 [Worker-44: Building] WARN  o.e.m.c.i.embedder.EclipseLogger - Using platform encoding (Cp1252 actually) to copy filtered resources, i.e. build is platform dependent!
2022-06-02 20:03:43,779 [Worker-44: Building] INFO  o.e.m.c.i.embedder.EclipseLogger - skip non existing resourceDirectory C:\Users\jerof\OneDrive\Documentos\Proyecto Carpinteria\DataQuotes\src\main\resources
2022-06-02 20:03:43,780 [Worker-44: Building] WARN  o.e.m.c.i.embedder.EclipseLogger - Using platform encoding (Cp1252 actually) to copy filtered resources, i.e. build is platform dependent!
2022-06-02 20:03:43,781 [Worker-44: Building] INFO  o.e.m.c.i.embedder.EclipseLogger - skip non existing resourceDirectory C:\Users\jerof\OneDrive\Documentos\Proyecto Carpinteria\DataQuotes\src\test\resources
2022-06-02 20:03:45,009 [Worker-55: Building] INFO  o.e.m.c.i.p.WorkspaceClassifierResolverManager - Resolving P/DTOQuotes: co.edu.uco.quotes:DTOQuotes:0.0.1-SNAPSHOT with classifier  to /DTOQuotes/target/classes
2022-06-02 20:03:45,009 [Worker-55: Building] INFO  o.e.m.c.i.p.WorkspaceClassifierResolverManager - Resolving P/BusinessLogicQuotes: co.edu.uco.quotes:BusinessLogicQuotes:0.0.1-SNAPSHOT with classifier  to /BusinessLogicQuotes/target/classes
2022-06-02 20:03:45,009 [Worker-55: Building] INFO  o.e.m.c.i.p.WorkspaceClassifierResolverManager - Resolving P/DataQuotes: co.edu.uco.quotes:DataQuotes:0.0.1-SNAPSHOT with classifier  to /DataQuotes/target/classes
2022-06-02 20:03:45,010 [Worker-55: Building] INFO  o.e.m.c.i.p.WorkspaceClassifierResolverManager - Resolving P/CrossCuttingQuotes: co.edu.uco.quotes:CrossCuttingQuotes:0.0.1-SNAPSHOT with classifier  to /CrossCuttingQuotes/target/classes
2022-06-02 20:03:45,010 [Worker-55: Building] INFO  o.e.m.c.i.p.WorkspaceClassifierResolverManager - Resolving P/CrossCutting: co.edu.uco.crosscutting:CrossCutting:0.0.1-SNAPSHOT with classifier  to /CrossCutting/target/classes
2022-06-02 20:03:45,166 [Worker-55: Building] INFO  o.e.m.c.i.embedder.EclipseLogger - Using 'UTF-8' encoding to copy filtered resources.
2022-06-02 20:03:45,166 [Worker-55: Building] INFO  o.e.m.c.i.embedder.EclipseLogger - Using 'UTF-8' encoding to copy filtered properties files.
2022-06-02 20:03:45,169 [Worker-55: Building] INFO  o.e.m.c.i.embedder.EclipseLogger - Copying 0 resource
2022-06-02 20:03:45,169 [Worker-55: Building] INFO  o.e.m.c.i.embedder.EclipseLogger - Copying 0 resource
2022-06-02 20:03:45,170 [Worker-55: Building] INFO  o.e.m.c.i.embedder.EclipseLogger - Using 'UTF-8' encoding to copy filtered resources.
2022-06-02 20:03:45,171 [Worker-55: Building] INFO  o.e.m.c.i.embedder.EclipseLogger - Using 'UTF-8' encoding to copy filtered properties files.
2022-06-02 20:03:45,171 [Worker-55: Building] INFO  o.e.m.c.i.embedder.EclipseLogger - skip non existing resourceDirectory C:\Users\jerof\OneDrive\Documentos\Proyecto Carpinteria\ApiQuotes\src\test\resources
2022-06-02 20:03:45,179 [Worker-55: Building] INFO  o.e.m.c.i.p.WorkspaceClassifierResolverManager - Resolving P/DTOQuotes: co.edu.uco.quotes:DTOQuotes:0.0.1-SNAPSHOT with classifier  to /DTOQuotes/target/classes
2022-06-02 20:03:45,179 [Worker-55: Building] INFO  o.e.m.c.i.p.WorkspaceClassifierResolverManager - Resolving P/DataQuotes: co.edu.uco.quotes:DataQuotes:0.0.1-SNAPSHOT with classifier  to /DataQuotes/target/classes
2022-06-02 20:03:45,179 [Worker-55: Building] INFO  o.e.m.c.i.p.WorkspaceClassifierResolverManager - Resolving P/CrossCuttingQuotes: co.edu.uco.quotes:CrossCuttingQuotes:0.0.1-SNAPSHOT with classifier  to /CrossCuttingQuotes/target/classes
2022-06-02 20:03:45,180 [Worker-55: Building] INFO  o.e.m.c.i.p.WorkspaceClassifierResolverManager - Resolving P/CrossCutting: co.edu.uco.crosscutting:CrossCutting:0.0.1-SNAPSHOT with classifier  to /CrossCutting/target/classes
2022-06-02 20:03:45,181 [Worker-55: Building] WARN  o.e.m.c.i.embedder.EclipseLogger - Using platform encoding (Cp1252 actually) to copy filtered resources, i.e. build is platform dependent!
2022-06-02 20:03:45,182 [Worker-55: Building] INFO  o.e.m.c.i.embedder.EclipseLogger - skip non existing resourceDirectory C:\Users\jerof\OneDrive\Documentos\Proyecto Carpinteria\BusinessLogicQuotes\src\main\resources
2022-06-02 20:03:45,183 [Worker-55: Building] WARN  o.e.m.c.i.embedder.EclipseLogger - Using platform encoding (Cp1252 actually) to copy filtered resources, i.e. build is platform dependent!
2022-06-02 20:03:45,184 [Worker-55: Building] INFO  o.e.m.c.i.embedder.EclipseLogger - skip non existing resourceDirectory C:\Users\jerof\OneDrive\Documentos\Proyecto Carpinteria\BusinessLogicQuotes\src\test\resources
2022-06-02 20:03:45,216 [Worker-55: Building] INFO  o.e.m.c.i.p.WorkspaceClassifierResolverManager - Resolving P/CrossCuttingQuotes: co.edu.uco.quotes:CrossCuttingQuotes:0.0.1-SNAPSHOT with classifier  to /CrossCuttingQuotes/target/classes
2022-06-02 20:03:45,217 [Worker-55: Building] INFO  o.e.m.c.i.p.WorkspaceClassifierResolverManager - Resolving P/CrossCutting: co.edu.uco.crosscutting:CrossCutting:0.0.1-SNAPSHOT with classifier  to /CrossCutting/target/classes
2022-06-02 20:03:45,219 [Worker-55: Building] WARN  o.e.m.c.i.embedder.EclipseLogger - Using platform encoding (Cp1252 actually) to copy filtered resources, i.e. build is platform dependent!
2022-06-02 20:03:45,220 [Worker-55: Building] INFO  o.e.m.c.i.embedder.EclipseLogger - skip non existing resourceDirectory C:\Users\jerof\OneDrive\Documentos\Proyecto Carpinteria\DTOQuotes\src\main\resources
2022-06-02 20:03:45,221 [Worker-55: Building] WARN  o.e.m.c.i.embedder.EclipseLogger - Using platform encoding (Cp1252 actually) to copy filtered resources, i.e. build is platform dependent!
2022-06-02 20:03:45,222 [Worker-55: Building] INFO  o.e.m.c.i.embedder.EclipseLogger - skip non existing resourceDirectory C:\Users\jerof\OneDrive\Documentos\Proyecto Carpinteria\DTOQuotes\src\test\resources
2022-06-02 20:07:45,876 [Worker-57: Building] WARN  o.e.m.c.i.embedder.EclipseLogger - Using platform encoding (Cp1252 actually) to copy filtered resources, i.e. build is platform dependent!
2022-06-02 20:07:45,879 [Worker-57: Building] INFO  o.e.m.c.i.embedder.EclipseLogger - skip non existing resourceDirectory C:\Users\jerof\OneDrive\Documentos\Proyecto Carpinteria\DTOQuotes\src\main\resources
2022-06-02 20:07:45,881 [Worker-57: Building] WARN  o.e.m.c.i.embedder.EclipseLogger - Using platform encoding (Cp1252 actually) to copy filtered resources, i.e. build is platform dependent!
2022-06-02 20:07:45,883 [Worker-57: Building] INFO  o.e.m.c.i.embedder.EclipseLogger - skip non existing resourceDirectory C:\Users\jerof\OneDrive\Documentos\Proyecto Carpinteria\DTOQuotes\src\test\resources
2022-06-02 20:18:56,720 [Worker-58: Building] WARN  o.e.m.c.i.embedder.EclipseLogger - Using platform encoding (Cp1252 actually) to copy filtered resources, i.e. build is platform dependent!
2022-06-02 20:18:56,721 [Worker-58: Building] INFO  o.e.m.c.i.embedder.EclipseLogger - skip non existing resourceDirectory C:\Users\jerof\OneDrive\Documentos\Proyecto Carpinteria\DTOQuotes\src\main\resources
2022-06-02 20:18:56,722 [Worker-58: Building] WARN  o.e.m.c.i.embedder.EclipseLogger - Using platform encoding (Cp1252 actually) to copy filtered resources, i.e. build is platform dependent!
2022-06-02 20:18:56,722 [Worker-58: Building] INFO  o.e.m.c.i.embedder.EclipseLogger - skip non existing resourceDirectory C:\Users\jerof\OneDrive\Documentos\Proyecto Carpinteria\DTOQuotes\src\test\resources
2022-06-02 21:22:45,304 [Worker-66: Building] WARN  o.e.m.c.i.embedder.EclipseLogger - Using platform encoding (Cp1252 actually) to copy filtered resources, i.e. build is platform dependent!
2022-06-02 21:22:45,305 [Worker-66: Building] INFO  o.e.m.c.i.embedder.EclipseLogger - skip non existing resourceDirectory C:\Users\jerof\OneDrive\Documentos\Proyecto Carpinteria\DTOQuotes\src\main\resources
2022-06-02 21:22:45,306 [Worker-66: Building] WARN  o.e.m.c.i.embedder.EclipseLogger - Using platform encoding (Cp1252 actually) to copy filtered resources, i.e. build is platform dependent!
2022-06-02 21:22:45,307 [Worker-66: Building] INFO  o.e.m.c.i.embedder.EclipseLogger - skip non existing resourceDirectory C:\Users\jerof\OneDrive\Documentos\Proyecto Carpinteria\DTOQuotes\src\test\resources
2022-06-02 21:24:42,984 [Worker-67: Building] WARN  o.e.m.c.i.embedder.EclipseLogger - Using platform encoding (Cp1252 actually) to copy filtered resources, i.e. build is platform dependent!
2022-06-02 21:24:42,985 [Worker-67: Building] INFO  o.e.m.c.i.embedder.EclipseLogger - skip non existing resourceDirectory C:\Users\jerof\OneDrive\Documentos\Proyecto Carpinteria\DTOQuotes\src\main\resources
2022-06-02 21:24:42,987 [Worker-67: Building] WARN  o.e.m.c.i.embedder.EclipseLogger - Using platform encoding (Cp1252 actually) to copy filtered resources, i.e. build is platform dependent!
2022-06-02 21:24:42,989 [Worker-67: Building] INFO  o.e.m.c.i.embedder.EclipseLogger - skip non existing resourceDirectory C:\Users\jerof\OneDrive\Documentos\Proyecto Carpinteria\DTOQuotes\src\test\resources
2022-06-02 21:45:19,414 [Worker-72: Building] WARN  o.e.m.c.i.embedder.EclipseLogger - Using platform encoding (Cp1252 actually) to copy filtered resources, i.e. build is platform dependent!
2022-06-02 21:45:19,415 [Worker-72: Building] INFO  o.e.m.c.i.embedder.EclipseLogger - skip non existing resourceDirectory C:\Users\jerof\OneDrive\Documentos\Proyecto Carpinteria\DTOQuotes\src\main\resources
2022-06-02 21:45:19,416 [Worker-72: Building] WARN  o.e.m.c.i.embedder.EclipseLogger - Using platform encoding (Cp1252 actually) to copy filtered resources, i.e. build is platform dependent!
2022-06-02 21:45:19,416 [Worker-72: Building] INFO  o.e.m.c.i.embedder.EclipseLogger - skip non existing resourceDirectory C:\Users\jerof\OneDrive\Documentos\Proyecto Carpinteria\DTOQuotes\src\test\resources
2022-06-02 22:11:42,857 [Worker-72: Building] WARN  o.e.m.c.i.embedder.EclipseLogger - Using platform encoding (Cp1252 actually) to copy filtered resources, i.e. build is platform dependent!
2022-06-02 22:11:42,858 [Worker-72: Building] INFO  o.e.m.c.i.embedder.EclipseLogger - skip non existing resourceDirectory C:\Users\jerof\OneDrive\Documentos\Proyecto Carpinteria\DTOQuotes\src\main\resources
2022-06-02 22:11:42,859 [Worker-72: Building] WARN  o.e.m.c.i.embedder.EclipseLogger - Using platform encoding (Cp1252 actually) to copy filtered resources, i.e. build is platform dependent!
2022-06-02 22:11:42,861 [Worker-72: Building] INFO  o.e.m.c.i.embedder.EclipseLogger - skip non existing resourceDirectory C:\Users\jerof\OneDrive\Documentos\Proyecto Carpinteria\DTOQuotes\src\test\resources
2022-06-02 22:18:52,914 [Worker-72: Building] WARN  o.e.m.c.i.embedder.EclipseLogger - Using platform encoding (Cp1252 actually) to copy filtered resources, i.e. build is platform dependent!
2022-06-02 22:18:52,915 [Worker-72: Building] INFO  o.e.m.c.i.embedder.EclipseLogger - skip non existing resourceDirectory C:\Users\jerof\OneDrive\Documentos\Proyecto Carpinteria\DTOQuotes\src\main\resources
2022-06-02 22:18:52,916 [Worker-72: Building] WARN  o.e.m.c.i.embedder.EclipseLogger - Using platform encoding (Cp1252 actually) to copy filtered resources, i.e. build is platform dependent!
2022-06-02 22:18:52,916 [Worker-72: Building] INFO  o.e.m.c.i.embedder.EclipseLogger - skip non existing resourceDirectory C:\Users\jerof\OneDrive\Documentos\Proyecto Carpinteria\DTOQuotes\src\test\resources
2022-06-02 22:56:40,622 [Worker-81: Building] WARN  o.e.m.c.i.embedder.EclipseLogger - Using platform encoding (Cp1252 actually) to copy filtered resources, i.e. build is platform dependent!
2022-06-02 22:56:40,623 [Worker-81: Building] INFO  o.e.m.c.i.embedder.EclipseLogger - skip non existing resourceDirectory C:\Users\jerof\OneDrive\Documentos\Proyecto Carpinteria\DTOQuotes\src\main\resources
2022-06-02 22:56:40,624 [Worker-81: Building] WARN  o.e.m.c.i.embedder.EclipseLogger - Using platform encoding (Cp1252 actually) to copy filtered resources, i.e. build is platform dependent!
2022-06-02 22:56:40,625 [Worker-81: Building] INFO  o.e.m.c.i.embedder.EclipseLogger - skip non existing resourceDirectory C:\Users\jerof\OneDrive\Documentos\Proyecto Carpinteria\DTOQuotes\src\test\resources
2022-06-02 22:56:45,401 [Worker-80: Building] WARN  o.e.m.c.i.embedder.EclipseLogger - Using platform encoding (Cp1252 actually) to copy filtered resources, i.e. build is platform dependent!
2022-06-02 22:56:45,402 [Worker-80: Building] INFO  o.e.m.c.i.embedder.EclipseLogger - skip non existing resourceDirectory C:\Users\jerof\OneDrive\Documentos\Proyecto Carpinteria\DTOQuotes\src\main\resources
2022-06-02 22:56:45,402 [Worker-80: Building] WARN  o.e.m.c.i.embedder.EclipseLogger - Using platform encoding (Cp1252 actually) to copy filtered resources, i.e. build is platform dependent!
2022-06-02 22:56:45,403 [Worker-80: Building] INFO  o.e.m.c.i.embedder.EclipseLogger - skip non existing resourceDirectory C:\Users\jerof\OneDrive\Documentos\Proyecto Carpinteria\DTOQuotes\src\test\resources
2022-06-02 22:56:52,926 [Worker-73: Building] WARN  o.e.m.c.i.embedder.EclipseLogger - Using platform encoding (Cp1252 actually) to copy filtered resources, i.e. build is platform dependent!
2022-06-02 22:56:52,927 [Worker-73: Building] INFO  o.e.m.c.i.embedder.EclipseLogger - skip non existing resourceDirectory C:\Users\jerof\OneDrive\Documentos\Proyecto Carpinteria\DTOQuotes\src\main\resources
2022-06-02 22:56:52,927 [Worker-73: Building] WARN  o.e.m.c.i.embedder.EclipseLogger - Using platform encoding (Cp1252 actually) to copy filtered resources, i.e. build is platform dependent!
2022-06-02 22:56:52,928 [Worker-73: Building] INFO  o.e.m.c.i.embedder.EclipseLogger - skip non existing resourceDirectory C:\Users\jerof\OneDrive\Documentos\Proyecto Carpinteria\DTOQuotes\src\test\resources
2022-06-02 22:59:04,995 [Worker-2: Loading available Gradle versions] INFO  o.e.b.c.i.u.g.PublishedGradleVersions - Gradle version information cache is up-to-date. Trying to read.
2022-06-02 22:59:07,146 [Worker-7: Building] WARN  o.e.m.c.i.embedder.EclipseLogger - Using platform encoding (Cp1252 actually) to copy filtered resources, i.e. build is platform dependent!
2022-06-02 22:59:07,153 [Worker-7: Building] INFO  o.e.m.c.i.embedder.EclipseLogger - skip non existing resourceDirectory C:\Users\jerof\OneDrive\Documentos\Proyecto clase carlos\GestionAcademica-master\CrossCutting\src\main\resources
2022-06-02 22:59:07,155 [Worker-7: Building] WARN  o.e.m.c.i.embedder.EclipseLogger - Using platform encoding (Cp1252 actually) to copy filtered resources, i.e. build is platform dependent!
2022-06-02 22:59:07,163 [Worker-7: Building] INFO  o.e.m.c.i.embedder.EclipseLogger - skip non existing resourceDirectory C:\Users\jerof\OneDrive\Documentos\Proyecto clase carlos\GestionAcademica-master\CrossCutting\src\test\resources
2022-06-02 22:59:07,181 [Worker-7: Building] INFO  o.e.m.c.i.p.WorkspaceClassifierResolverManager - Resolving P/CrossCutting: co.edu.uco.crosscutting:CrossCutting:0.0.1-SNAPSHOT with classifier  to /CrossCutting/target/classes
2022-06-02 22:59:07,186 [Worker-7: Building] WARN  o.e.m.c.i.embedder.EclipseLogger - Using platform encoding (Cp1252 actually) to copy filtered resources, i.e. build is platform dependent!
2022-06-02 22:59:07,191 [Worker-7: Building] INFO  o.e.m.c.i.embedder.EclipseLogger - skip non existing resourceDirectory C:\Users\jerof\OneDrive\Documentos\ProyectoClaseCarpinteria\CrossCuttingQuotes\src\main\resources
2022-06-02 22:59:07,193 [Worker-7: Building] WARN  o.e.m.c.i.embedder.EclipseLogger - Using platform encoding (Cp1252 actually) to copy filtered resources, i.e. build is platform dependent!
2022-06-02 22:59:07,199 [Worker-7: Building] INFO  o.e.m.c.i.embedder.EclipseLogger - skip non existing resourceDirectory C:\Users\jerof\OneDrive\Documentos\ProyectoClaseCarpinteria\CrossCuttingQuotes\src\test\resources
2022-06-02 22:59:07,319 [Worker-7: Building] INFO  o.e.m.c.i.p.WorkspaceClassifierResolverManager - Resolving P/CrossCuttingQuotes: co.edu.uco.quotes:CrossCuttingQuotes:0.0.1-SNAPSHOT with classifier  to /CrossCuttingQuotes/target/classes
2022-06-02 22:59:07,319 [Worker-7: Building] INFO  o.e.m.c.i.p.WorkspaceClassifierResolverManager - Resolving P/CrossCutting: co.edu.uco.crosscutting:CrossCutting:0.0.1-SNAPSHOT with classifier  to /CrossCutting/target/classes
2022-06-02 22:59:07,326 [Worker-7: Building] WARN  o.e.m.c.i.embedder.EclipseLogger - Using platform encoding (Cp1252 actually) to copy filtered resources, i.e. build is platform dependent!
2022-06-02 22:59:07,335 [Worker-7: Building] INFO  o.e.m.c.i.embedder.EclipseLogger - skip non existing resourceDirectory C:\Users\jerof\OneDrive\Documentos\ProyectoClaseCarpinteria\DTOQuotes\src\main\resources
2022-06-02 22:59:07,336 [Worker-7: Building] WARN  o.e.m.c.i.embedder.EclipseLogger - Using platform encoding (Cp1252 actually) to copy filtered resources, i.e. build is platform dependent!
2022-06-02 22:59:07,342 [Worker-7: Building] INFO  o.e.m.c.i.embedder.EclipseLogger - skip non existing resourceDirectory C:\Users\jerof\OneDrive\Documentos\ProyectoClaseCarpinteria\DTOQuotes\src\test\resources
2022-06-02 22:59:07,415 [Worker-7: Building] INFO  o.e.m.c.i.p.WorkspaceClassifierResolverManager - Resolving P/DTOQuotes: co.edu.uco.quotes:DTOQuotes:0.0.1-SNAPSHOT with classifier  to /DTOQuotes/target/classes
2022-06-02 22:59:07,416 [Worker-7: Building] INFO  o.e.m.c.i.p.WorkspaceClassifierResolverManager - Resolving P/CrossCuttingQuotes: co.edu.uco.quotes:CrossCuttingQuotes:0.0.1-SNAPSHOT with classifier  to /CrossCuttingQuotes/target/classes
2022-06-02 22:59:07,416 [Worker-7: Building] INFO  o.e.m.c.i.p.WorkspaceClassifierResolverManager - Resolving P/CrossCutting: co.edu.uco.crosscutting:CrossCutting:0.0.1-SNAPSHOT with classifier  to /CrossCutting/target/classes
2022-06-02 22:59:07,433 [Worker-7: Building] WARN  o.e.m.c.i.embedder.EclipseLogger - Using platform encoding (Cp1252 actually) to copy filtered resources, i.e. build is platform dependent!
2022-06-02 22:59:07,439 [Worker-7: Building] INFO  o.e.m.c.i.embedder.EclipseLogger - skip non existing resourceDirectory C:\Users\jerof\OneDrive\Documentos\ProyectoClaseCarpinteria\DataQuotes\src\main\resources
2022-06-02 22:59:07,441 [Worker-7: Building] WARN  o.e.m.c.i.embedder.EclipseLogger - Using platform encoding (Cp1252 actually) to copy filtered resources, i.e. build is platform dependent!
2022-06-02 22:59:07,447 [Worker-7: Building] INFO  o.e.m.c.i.embedder.EclipseLogger - skip non existing resourceDirectory C:\Users\jerof\OneDrive\Documentos\ProyectoClaseCarpinteria\DataQuotes\src\test\resources
2022-06-02 22:59:07,466 [Worker-7: Building] INFO  o.e.m.c.i.p.WorkspaceClassifierResolverManager - Resolving P/DTOQuotes: co.edu.uco.quotes:DTOQuotes:0.0.1-SNAPSHOT with classifier  to /DTOQuotes/target/classes
2022-06-02 22:59:07,466 [Worker-7: Building] INFO  o.e.m.c.i.p.WorkspaceClassifierResolverManager - Resolving P/DataQuotes: co.edu.uco.quotes:DataQuotes:0.0.1-SNAPSHOT with classifier  to /DataQuotes/target/classes
2022-06-02 22:59:07,467 [Worker-7: Building] INFO  o.e.m.c.i.p.WorkspaceClassifierResolverManager - Resolving P/CrossCuttingQuotes: co.edu.uco.quotes:CrossCuttingQuotes:0.0.1-SNAPSHOT with classifier  to /CrossCuttingQuotes/target/classes
2022-06-02 22:59:07,467 [Worker-7: Building] INFO  o.e.m.c.i.p.WorkspaceClassifierResolverManager - Resolving P/CrossCutting: co.edu.uco.crosscutting:CrossCutting:0.0.1-SNAPSHOT with classifier  to /CrossCutting/target/classes
2022-06-02 22:59:07,469 [Worker-7: Building] WARN  o.e.m.c.i.embedder.EclipseLogger - Using platform encoding (Cp1252 actually) to copy filtered resources, i.e. build is platform dependent!
2022-06-02 22:59:07,476 [Worker-7: Building] INFO  o.e.m.c.i.embedder.EclipseLogger - skip non existing resourceDirectory C:\Users\jerof\OneDrive\Documentos\ProyectoClaseCarpinteria\BusinessLogicQuotes\src\main\resources
2022-06-02 22:59:07,477 [Worker-7: Building] WARN  o.e.m.c.i.embedder.EclipseLogger - Using platform encoding (Cp1252 actually) to copy filtered resources, i.e. build is platform dependent!
2022-06-02 22:59:07,484 [Worker-7: Building] INFO  o.e.m.c.i.embedder.EclipseLogger - skip non existing resourceDirectory C:\Users\jerof\OneDrive\Documentos\ProyectoClaseCarpinteria\BusinessLogicQuotes\src\test\resources
2022-06-02 22:59:08,005 [Worker-7: Building] INFO  o.e.m.c.i.p.WorkspaceClassifierResolverManager - Resolving P/DTOQuotes: co.edu.uco.quotes:DTOQuotes:0.0.1-SNAPSHOT with classifier  to /DTOQuotes/target/classes
2022-06-02 22:59:08,005 [Worker-7: Building] INFO  o.e.m.c.i.p.WorkspaceClassifierResolverManager - Resolving P/BusinessLogicQuotes: co.edu.uco.quotes:BusinessLogicQuotes:0.0.1-SNAPSHOT with classifier  to /BusinessLogicQuotes/target/classes
2022-06-02 22:59:08,005 [Worker-7: Building] INFO  o.e.m.c.i.p.WorkspaceClassifierResolverManager - Resolving P/DataQuotes: co.edu.uco.quotes:DataQuotes:0.0.1-SNAPSHOT with classifier  to /DataQuotes/target/classes
2022-06-02 22:59:08,006 [Worker-7: Building] INFO  o.e.m.c.i.p.WorkspaceClassifierResolverManager - Resolving P/CrossCuttingQuotes: co.edu.uco.quotes:CrossCuttingQuotes:0.0.1-SNAPSHOT with classifier  to /CrossCuttingQuotes/target/classes
2022-06-02 22:59:08,006 [Worker-7: Building] INFO  o.e.m.c.i.p.WorkspaceClassifierResolverManager - Resolving P/CrossCutting: co.edu.uco.crosscutting:CrossCutting:0.0.1-SNAPSHOT with classifier  to /CrossCutting/target/classes
2022-06-02 22:59:08,427 [Worker-7: Building] INFO  o.e.m.c.i.embedder.EclipseLogger - Using 'UTF-8' encoding to copy filtered resources.
2022-06-02 22:59:08,428 [Worker-7: Building] INFO  o.e.m.c.i.embedder.EclipseLogger - Using 'UTF-8' encoding to copy filtered properties files.
2022-06-02 22:59:08,430 [Worker-7: Building] INFO  o.e.m.c.i.embedder.EclipseLogger - Copying 1 resource
2022-06-02 22:59:08,443 [Worker-7: Building] INFO  o.e.m.c.i.embedder.EclipseLogger - Copying 0 resource
2022-06-02 22:59:08,446 [Worker-7: Building] INFO  o.e.m.c.i.embedder.EclipseLogger - Using 'UTF-8' encoding to copy filtered resources.
2022-06-02 22:59:08,447 [Worker-7: Building] INFO  o.e.m.c.i.embedder.EclipseLogger - Using 'UTF-8' encoding to copy filtered properties files.
2022-06-02 22:59:08,447 [Worker-7: Building] INFO  o.e.m.c.i.embedder.EclipseLogger - skip non existing resourceDirectory C:\Users\jerof\OneDrive\Documentos\ProyectoClaseCarpinteria\ApiQuotes\src\test\resources
2022-06-02 22:59:32,850 [Worker-1: Building] WARN  o.e.m.c.i.embedder.EclipseLogger - Using platform encoding (Cp1252 actually) to copy filtered resources, i.e. build is platform dependent!
2022-06-02 22:59:32,856 [Worker-1: Building] INFO  o.e.m.c.i.embedder.EclipseLogger - skip non existing resourceDirectory C:\Users\jerof\OneDrive\Documentos\ProyectoClaseCarpinteria\DTOQuotes\src\main\resources
2022-06-02 22:59:32,857 [Worker-1: Building] WARN  o.e.m.c.i.embedder.EclipseLogger - Using platform encoding (Cp1252 actually) to copy filtered resources, i.e. build is platform dependent!
2022-06-02 22:59:32,864 [Worker-1: Building] INFO  o.e.m.c.i.embedder.EclipseLogger - skip non existing resourceDirectory C:\Users\jerof\OneDrive\Documentos\ProyectoClaseCarpinteria\DTOQuotes\src\test\resources
2022-06-02 22:59:51,538 [Worker-14: Building] WARN  o.e.m.c.i.embedder.EclipseLogger - Using platform encoding (Cp1252 actually) to copy filtered resources, i.e. build is platform dependent!
2022-06-02 22:59:51,544 [Worker-14: Building] INFO  o.e.m.c.i.embedder.EclipseLogger - skip non existing resourceDirectory C:\Users\jerof\OneDrive\Documentos\ProyectoClaseCarpinteria\DTOQuotes\src\main\resources
2022-06-02 22:59:51,545 [Worker-14: Building] WARN  o.e.m.c.i.embedder.EclipseLogger - Using platform encoding (Cp1252 actually) to copy filtered resources, i.e. build is platform dependent!
2022-06-02 22:59:51,550 [Worker-14: Building] INFO  o.e.m.c.i.embedder.EclipseLogger - skip non existing resourceDirectory C:\Users\jerof\OneDrive\Documentos\ProyectoClaseCarpinteria\DTOQuotes\src\test\resources
2022-06-02 23:00:02,009 [Worker-2: Building] WARN  o.e.m.c.i.embedder.EclipseLogger - Using platform encoding (Cp1252 actually) to copy filtered resources, i.e. build is platform dependent!
2022-06-02 23:00:02,014 [Worker-2: Building] INFO  o.e.m.c.i.embedder.EclipseLogger - skip non existing resourceDirectory C:\Users\jerof\OneDrive\Documentos\ProyectoClaseCarpinteria\DTOQuotes\src\main\resources
2022-06-02 23:00:02,017 [Worker-2: Building] WARN  o.e.m.c.i.embedder.EclipseLogger - Using platform encoding (Cp1252 actually) to copy filtered resources, i.e. build is platform dependent!
2022-06-02 23:00:02,022 [Worker-2: Building] INFO  o.e.m.c.i.embedder.EclipseLogger - skip non existing resourceDirectory C:\Users\jerof\OneDrive\Documentos\ProyectoClaseCarpinteria\DTOQuotes\src\test\resources
2022-06-02 23:00:15,280 [Worker-6: Building] WARN  o.e.m.c.i.embedder.EclipseLogger - Using platform encoding (Cp1252 actually) to copy filtered resources, i.e. build is platform dependent!
2022-06-02 23:00:15,286 [Worker-6: Building] INFO  o.e.m.c.i.embedder.EclipseLogger - skip non existing resourceDirectory C:\Users\jerof\OneDrive\Documentos\ProyectoClaseCarpinteria\DTOQuotes\src\main\resources
2022-06-02 23:00:15,287 [Worker-6: Building] WARN  o.e.m.c.i.embedder.EclipseLogger - Using platform encoding (Cp1252 actually) to copy filtered resources, i.e. build is platform dependent!
2022-06-02 23:00:15,294 [Worker-6: Building] INFO  o.e.m.c.i.embedder.EclipseLogger - skip non existing resourceDirectory C:\Users\jerof\OneDrive\Documentos\ProyectoClaseCarpinteria\DTOQuotes\src\test\resources
2022-06-02 23:00:38,359 [Worker-11: Building] WARN  o.e.m.c.i.embedder.EclipseLogger - Using platform encoding (Cp1252 actually) to copy filtered resources, i.e. build is platform dependent!
2022-06-02 23:00:38,366 [Worker-11: Building] INFO  o.e.m.c.i.embedder.EclipseLogger - skip non existing resourceDirectory C:\Users\jerof\OneDrive\Documentos\ProyectoClaseCarpinteria\DTOQuotes\src\main\resources
2022-06-02 23:00:38,367 [Worker-11: Building] WARN  o.e.m.c.i.embedder.EclipseLogger - Using platform encoding (Cp1252 actually) to copy filtered resources, i.e. build is platform dependent!
2022-06-02 23:00:38,373 [Worker-11: Building] INFO  o.e.m.c.i.embedder.EclipseLogger - skip non existing resourceDirectory C:\Users\jerof\OneDrive\Documentos\ProyectoClaseCarpinteria\DTOQuotes\src\test\resources
2022-06-02 23:01:14,131 [Worker-2: Loading available Gradle versions] INFO  o.e.b.c.i.u.g.PublishedGradleVersions - Gradle version information cache is up-to-date. Trying to read.
